15:11,16:427 INFO    [ProcessingContext]: Using processing tool JAVAC
15:11,16:428 INFO    [ProcessingContext]: Using processing javac ProcessingEnvironment
15:11,16:428 INFO    [ProcessingContext]: Using source path null
15:11,16:428 INFO    [MainProcessor]: Using processing env juzu.impl.compiler.ProcessingContext
15:11,16:436 FINER   [ProcessingContext]: Resolved resolved resource location=SOURCE_OUTPUT pkg=juzu relativeName=metamodel.ser from filer
15:11,16:437 INFO    [MainProcessor]: Created new meta model
15:11,16:440 INFO    [ProcessingContext]: Loading services implementation of juzu.impl.plugin.module.metamodel.ModuleMetaModelPlugin
15:11,16:467 INFO    [ProcessingContext]: Using plugins: application
15:11,16:467 INFO    [ProcessingContext]: Loading services implementation of juzu.impl.plugin.application.metamodel.ApplicationMetaModelPlugin
15:11,16:501 INFO    [ProcessingContext]: Using plugins: controller template ajax asset binding router amd servlet less webjars portlet
15:11,16:501 INFO    [ProcessingContext]: Plugin controller supports [juzu.Consumes, juzu.View, juzu.Action, juzu.Resource]
15:11,16:501 INFO    [ProcessingContext]: Plugin template supports [juzu.template.Tags, juzu.Path]
15:11,16:502 INFO    [ProcessingContext]: Plugin ajax supports [juzu.plugin.ajax.Ajax]
15:11,16:502 INFO    [ProcessingContext]: Plugin asset supports [juzu.plugin.asset.Stylesheets, juzu.plugin.asset.Scripts]
15:11,16:502 INFO    [ProcessingContext]: Plugin binding supports [juzu.plugin.binding.Bindings]
15:11,16:503 INFO    [ProcessingContext]: Plugin router supports [juzu.Route]
15:11,16:503 INFO    [ProcessingContext]: Plugin amd supports [juzu.plugin.amd.Modules]
15:11,16:504 INFO    [ProcessingContext]: Plugin servlet supports [juzu.plugin.servlet.Servlet]
15:11,16:505 INFO    [ProcessingContext]: Plugin less supports [juzu.plugin.less4j.Less]
15:11,16:505 INFO    [ProcessingContext]: Plugin webjars supports [juzu.plugin.webjars.WebJars]
15:11,16:506 INFO    [ProcessingContext]: Plugin portlet supports [juzu.plugin.portlet.Portlet]
15:11,16:506 INFO    [ProcessingContext]: Plugin application supports [juzu.Application, juzu.plugin.asset.Stylesheets, juzu.plugin.binding.Bindings, juzu.plugin.less4j.Less, juzu.plugin.ajax.Ajax, juzu.plugin.servlet.Servlet, juzu.template.Tags, juzu.plugin.asset.Scripts, juzu.Resource, juzu.plugin.webjars.WebJars, juzu.Consumes, juzu.plugin.portlet.Portlet, juzu.View, juzu.Route, juzu.Action, juzu.Path, juzu.plugin.amd.Modules]
15:11,16:507 INFO    [MainProcessor]: Starting APT round #0
15:11,16:508 INFO    [MainProcessor]: Activating model
15:11,16:513 INFO    [ProcessingContext]: Loading services implementation of juzu.template.TagHandler
15:11,16:518 INFO    [ProcessingContext]: Loaded tag handler juzu.impl.tags.DecorateTag as decorate
15:11,16:518 INFO    [ProcessingContext]: Loaded tag handler juzu.impl.tags.IncludeTag as include
15:11,16:519 INFO    [ProcessingContext]: Loaded tag handler juzu.impl.tags.InsertTag as insert
15:11,16:519 INFO    [ProcessingContext]: Loaded tag handler juzu.impl.tags.ParamTag as param
15:11,16:519 INFO    [ProcessingContext]: Loaded tag handler juzu.impl.tags.TitleTag as title
15:11,16:519 INFO    [ProcessingContext]: Loading services implementation of juzu.impl.template.spi.TemplateProvider
15:11,16:523 INFO    [MainProcessor]: Processing elements for annotation for juzu.Application
15:11,16:524 INFO    [MainProcessor]: Processing element org.juzu.tutorial
15:11,16:526 INFO    [MainProcessor]: Processing elements for annotation for juzu.plugin.less4j.Less
15:11,16:527 INFO    [MainProcessor]: Processing element org.juzu.tutorial
15:11,16:528 INFO    [MainProcessor]: Processing elements for annotation for juzu.plugin.binding.Bindings
15:11,16:528 INFO    [MainProcessor]: Processing element org.juzu.tutorial
15:11,16:529 INFO    [MainProcessor]: Processing elements for annotation for juzu.plugin.ajax.Ajax
15:11,16:530 INFO    [MainProcessor]: Processing element addComment(java.lang.String,org.juzu.tutorial.models.Comment,juzu.request.SecurityContext)
15:11,16:530 INFO    [MainProcessor]: Processing element addLike(java.lang.String,juzu.request.SecurityContext)
15:11,16:531 INFO    [MainProcessor]: Processing elements for annotation for juzu.plugin.asset.Scripts
15:11,16:531 INFO    [MainProcessor]: Processing element org.juzu.tutorial
15:11,16:532 INFO    [MainProcessor]: Processing elements for annotation for juzu.Resource
15:11,16:533 INFO    [MainProcessor]: Processing element addComment(java.lang.String,org.juzu.tutorial.models.Comment,juzu.request.SecurityContext)
15:11,16:533 INFO    [MainProcessor]: Processing element addLike(java.lang.String,juzu.request.SecurityContext)
15:11,16:533 INFO    [MainProcessor]: Processing elements for annotation for juzu.plugin.webjars.WebJars
15:11,16:534 INFO    [MainProcessor]: Processing element org.juzu.tutorial
15:11,16:534 INFO    [MainProcessor]: Processing elements for annotation for juzu.View
15:11,16:535 INFO    [MainProcessor]: Processing element index(juzu.request.RequestContext)
15:11,16:536 INFO    [MainProcessor]: Processing element addSecretForm()
15:11,16:536 INFO    [MainProcessor]: Processing elements for annotation for juzu.Action
15:11,16:537 INFO    [MainProcessor]: Processing element addSecret(java.lang.String,java.lang.String)
15:11,16:537 INFO    [MainProcessor]: Processing element enableComment(java.lang.String)
15:11,16:537 INFO    [MainProcessor]: Processing elements for annotation for juzu.Path
15:11,16:538 INFO    [MainProcessor]: Processing element secretWall
15:11,16:538 INFO    [MainProcessor]: Processing element addSecret
15:11,16:539 INFO    [MainProcessor]: Processing element editMode
15:11,16:539 INFO    [MainProcessor]: Process annotations
15:11,16:540 FINER   [ProcessingContext]: Annotation added AnnotationKey[annotated=ElementHandle.Package[name=org.juzu.tutorial],type=juzu.Application]
15:11,16:541 FINER   [ProcessingContext]: Annotation added AnnotationKey[annotated=ElementHandle.Package[name=org.juzu.tutorial],type=juzu.plugin.less4j.Less]
15:11,16:541 FINER   [ProcessingContext]: Annotation added AnnotationKey[annotated=ElementHandle.Package[name=org.juzu.tutorial],type=juzu.plugin.binding.Bindings]
15:11,16:541 FINER   [ProcessingContext]: Annotation added AnnotationKey[annotated=ElementHandle.Method[type=org.juzu.tutorial.JuZcretApplication,name=addComment,parameterTypes[java.lang.String, org.juzu.tutorial.models.Comment, juzu.request.SecurityContext]],type=juzu.plugin.ajax.Ajax]
15:11,16:542 FINER   [ProcessingContext]: Annotation added AnnotationKey[annotated=ElementHandle.Method[type=org.juzu.tutorial.JuZcretApplication,name=addLike,parameterTypes[java.lang.String, juzu.request.SecurityContext]],type=juzu.plugin.ajax.Ajax]
15:11,16:542 FINER   [ProcessingContext]: Annotation added AnnotationKey[annotated=ElementHandle.Package[name=org.juzu.tutorial],type=juzu.plugin.asset.Scripts]
15:11,16:543 FINER   [ProcessingContext]: Annotation added AnnotationKey[annotated=ElementHandle.Method[type=org.juzu.tutorial.JuZcretApplication,name=addComment,parameterTypes[java.lang.String, org.juzu.tutorial.models.Comment, juzu.request.SecurityContext]],type=juzu.Resource]
15:11,16:543 FINER   [ProcessingContext]: Annotation added AnnotationKey[annotated=ElementHandle.Method[type=org.juzu.tutorial.JuZcretApplication,name=addLike,parameterTypes[java.lang.String, juzu.request.SecurityContext]],type=juzu.Resource]
15:11,16:543 FINER   [ProcessingContext]: Annotation added AnnotationKey[annotated=ElementHandle.Package[name=org.juzu.tutorial],type=juzu.plugin.webjars.WebJars]
15:11,16:544 FINER   [ProcessingContext]: Annotation added AnnotationKey[annotated=ElementHandle.Method[type=org.juzu.tutorial.JuZcretApplication,name=index,parameterTypes[juzu.request.RequestContext]],type=juzu.View]
15:11,16:544 FINER   [ProcessingContext]: Annotation added AnnotationKey[annotated=ElementHandle.Method[type=org.juzu.tutorial.JuZcretApplication,name=addSecretForm,parameterTypes[]],type=juzu.View]
15:11,16:544 FINER   [ProcessingContext]: Annotation added AnnotationKey[annotated=ElementHandle.Method[type=org.juzu.tutorial.JuZcretApplication,name=addSecret,parameterTypes[java.lang.String, java.lang.String]],type=juzu.Action]
15:11,16:545 FINER   [ProcessingContext]: Annotation added AnnotationKey[annotated=ElementHandle.Method[type=org.juzu.tutorial.JuZcretApplication,name=enableComment,parameterTypes[java.lang.String]],type=juzu.Action]
15:11,16:545 FINER   [ProcessingContext]: Annotation added AnnotationKey[annotated=ElementHandle.Field[type=org.juzu.tutorial.JuZcretApplication,name=secretWall],type=juzu.Path]
15:11,16:545 FINER   [ProcessingContext]: Annotation added AnnotationKey[annotated=ElementHandle.Field[type=org.juzu.tutorial.JuZcretApplication,name=addSecret],type=juzu.Path]
15:11,16:546 FINER   [ProcessingContext]: Annotation added AnnotationKey[annotated=ElementHandle.Field[type=org.juzu.tutorial.JuZcretApplication,name=editMode],type=juzu.Path]
15:11,16:546 INFO    [ProcessingContext]: Trying to find a native file system for package org.juzu.tutorial
15:11,16:547 INFO    [ProcessingContext]: Found package org.juzu.tutorial annotations @juzu.Application(defaultController=org.juzu.tutorial.JuZcretApplication.class),@juzu.plugin.binding.Bindings({@juzu.plugin.binding.Binding(value=org.juzu.tutorial.services.SecretService.class, implementation=org.juzu.tutorial.services.SecretServiceJCRImpl.class), @juzu.plugin.binding.Binding(org.exoplatform.services.jcr.ext.app.SessionProviderService.class), @juzu.plugin.binding.Binding(org.exoplatform.services.jcr.ext.hierarchy.NodeHierarchyCreator.class)}),@juzu.plugin.webjars.WebJars({@juzu.plugin.webjars.WebJar("jquery")}),@juzu.plugin.less4j.Less({@juzu.plugin.asset.Stylesheet("styles/juzcret.less")}),@juzu.plugin.asset.Scripts({@juzu.plugin.asset.Script(id="jquery", value="jquery/1.10.2/jquery.js"), @juzu.plugin.asset.Script(value="javascripts/secret.js", depends={"jquery"})}),@juzu.plugin.asset.Assets({"*"}) will use first one
15:11,16:554 INFO    [ProcessingContext]: Resolved uri file:/home/aabbasi/workspace/tutorial-juzcret/src/main/java/org/juzu/tutorial/package-info.java for package org.juzu.tutorial
15:11,16:564 INFO    [ProcessingContext]: Found cached source path disk[/home/aabbasi/workspace/tutorial-juzcret/src/main/java] for package org.juzu.tutorial
15:11,16:565 INFO    [ProcessingContext]: Found cached source path disk[/home/aabbasi/workspace/tutorial-juzcret/src/main/java] for package org.juzu.tutorial
15:11,16:570 INFO    [ProcessingContext]: Found cached source path disk[/home/aabbasi/workspace/tutorial-juzcret/src/main/java] for package org.juzu.tutorial
15:11,16:573 FINER   [ProcessingContext]: Adding method addComment(java.lang.String,org.juzu.tutorial.models.Comment,juzu.request.SecurityContext) to controller class ElementHandle.Class[name=org.juzu.tutorial.JuZcretApplication]
15:11,16:579 FINER   [ProcessingContext]: Added method ElementHandle.Method[type=org.juzu.tutorial.JuZcretApplication,name=addComment,parameterTypes[java.lang.String, org.juzu.tutorial.models.Comment, juzu.request.SecurityContext]] to controller class ElementHandle.Class[name=org.juzu.tutorial.JuZcretApplication]
15:11,16:579 FINER   [ProcessingContext]: Adding method addLike(java.lang.String,juzu.request.SecurityContext) to controller class ElementHandle.Class[name=org.juzu.tutorial.JuZcretApplication]
15:11,16:580 FINER   [ProcessingContext]: Added method ElementHandle.Method[type=org.juzu.tutorial.JuZcretApplication,name=addLike,parameterTypes[java.lang.String, juzu.request.SecurityContext]] to controller class ElementHandle.Class[name=org.juzu.tutorial.JuZcretApplication]
15:11,16:580 INFO    [ProcessingContext]: Found cached source path disk[/home/aabbasi/workspace/tutorial-juzcret/src/main/java] for package org.juzu.tutorial
15:11,16:581 INFO    [WebJarsMetaModelPlugin]: Processing declared webjars {value=jquery}
15:11,16:585 INFO    [WebJarsMetaModelPlugin]: Webjars {value=jquery} resolved assets [META-INF/resources/webjars/jquery/1.10.2/jquery.min.js, META-INF/resources/webjars/jquery/1.10.2/jquery.min.map, META-INF/resources/webjars/jquery/1.10.2/jquery.js] from /jquery/1.10.2
15:11,16:585 INFO    [WebJarsMetaModelPlugin]: Webjars {value=jquery} adding asset resource META-INF/resources/webjars/jquery/1.10.2/jquery.min.js as jquery/1.10.2/jquery.min.js
15:11,16:586 INFO    [WebJarsMetaModelPlugin]: Webjars {value=jquery} adding asset resource META-INF/resources/webjars/jquery/1.10.2/jquery.min.map as jquery/1.10.2/jquery.min.map
15:11,16:586 INFO    [WebJarsMetaModelPlugin]: Webjars {value=jquery} adding asset resource META-INF/resources/webjars/jquery/1.10.2/jquery.js as jquery/1.10.2/jquery.js
15:11,16:587 FINER   [ProcessingContext]: Adding method index(juzu.request.RequestContext) to controller class ElementHandle.Class[name=org.juzu.tutorial.JuZcretApplication]
15:11,16:587 FINER   [ProcessingContext]: Added method ElementHandle.Method[type=org.juzu.tutorial.JuZcretApplication,name=index,parameterTypes[juzu.request.RequestContext]] to controller class ElementHandle.Class[name=org.juzu.tutorial.JuZcretApplication]
15:11,16:587 FINER   [ProcessingContext]: Adding method addSecretForm() to controller class ElementHandle.Class[name=org.juzu.tutorial.JuZcretApplication]
15:11,16:587 FINER   [ProcessingContext]: Added method ElementHandle.Method[type=org.juzu.tutorial.JuZcretApplication,name=addSecretForm,parameterTypes[]] to controller class ElementHandle.Class[name=org.juzu.tutorial.JuZcretApplication]
15:11,16:588 FINER   [ProcessingContext]: Adding method addSecret(java.lang.String,java.lang.String) to controller class ElementHandle.Class[name=org.juzu.tutorial.JuZcretApplication]
15:11,16:588 FINER   [ProcessingContext]: Added method ElementHandle.Method[type=org.juzu.tutorial.JuZcretApplication,name=addSecret,parameterTypes[java.lang.String, java.lang.String]] to controller class ElementHandle.Class[name=org.juzu.tutorial.JuZcretApplication]
15:11,16:589 FINER   [ProcessingContext]: Adding method enableComment(java.lang.String) to controller class ElementHandle.Class[name=org.juzu.tutorial.JuZcretApplication]
15:11,16:589 FINER   [ProcessingContext]: Added method ElementHandle.Method[type=org.juzu.tutorial.JuZcretApplication,name=enableComment,parameterTypes[java.lang.String]] to controller class ElementHandle.Class[name=org.juzu.tutorial.JuZcretApplication]
15:11,16:590 INFO    [ProcessingContext]: Adding template ref org.juzu.tutorial.JuZcretApplication#secretWall Path[/org/juzu/tutorial/templates/secretWall.gtmpl]
15:11,16:591 INFO    [ProcessingContext]: Adding template ref org.juzu.tutorial.JuZcretApplication#addSecret Path[/org/juzu/tutorial/templates/addSecret.gtmpl]
15:11,16:591 INFO    [ProcessingContext]: Adding template ref org.juzu.tutorial.JuZcretApplication#editMode Path[/org/juzu/tutorial/templates/editMode.gtmpl]
15:11,16:592 INFO    [MainProcessor]: Post processing model
15:11,16:592 INFO    [MainProcessor]: Process events
15:11,16:592 INFO    [ProcessingContext]: Creating source file for name=org.juzu.tutorial.Application elements=[org.juzu.tutorial]
15:11,16:596 INFO    [ProcessingContext]: Generated application org.juzu.tutorial.Application as file:/home/aabbasi/workspace/tutorial-juzcret/target/generated-sources/annotations/org/juzu/tutorial/Application.java
15:11,16:597 INFO    [MainProcessor]: Post process events
15:11,16:598 INFO    [ProcessingContext]: Creating source file for name=org.juzu.tutorial.JuZcretApplication_ elements=[org.juzu.tutorial.JuZcretApplication]
15:11,16:603 INFO    [ProcessingContext]: Generated controller companion org.juzu.tutorial.JuZcretApplication_ as file:/home/aabbasi/workspace/tutorial-juzcret/target/generated-sources/annotations/org/juzu/tutorial/JuZcretApplication_.java
15:11,16:603 INFO    [ProcessingContext]: Processing templates of ElementHandle.Package[name=org.juzu.tutorial]
15:11,16:607 INFO    [ProcessingContext]: Found cached source path disk[/home/aabbasi/workspace/tutorial-juzcret/src/main/java] for package org.juzu.tutorial
15:11,16:607 INFO    [ProcessingContext]: Attempt to resolve pkg=org.juzu.tutorial.templates relativeName=editMode.gtmpl from source path
15:11,16:608 INFO    [ProcessingContext]: Resolved pkg=org.juzu.tutorial.templates relativeName=editMode.gtmpl to /home/aabbasi/workspace/tutorial-juzcret/src/main/java/org/juzu/tutorial/templates/editMode.gtmpl
15:11,16:628 INFO    [ProcessingContext]: Found cached source path disk[/home/aabbasi/workspace/tutorial-juzcret/src/main/java] for package org.juzu.tutorial
15:11,16:628 INFO    [ProcessingContext]: Attempt to resolve pkg=org.juzu.tutorial.templates relativeName=addSecret.gtmpl from source path
15:11,16:628 INFO    [ProcessingContext]: Resolved pkg=org.juzu.tutorial.templates relativeName=addSecret.gtmpl to /home/aabbasi/workspace/tutorial-juzcret/src/main/java/org/juzu/tutorial/templates/addSecret.gtmpl
15:11,16:642 INFO    [ProcessingContext]: Found cached source path disk[/home/aabbasi/workspace/tutorial-juzcret/src/main/java] for package org.juzu.tutorial
15:11,16:642 INFO    [ProcessingContext]: Attempt to resolve pkg=org.juzu.tutorial.templates relativeName=secretWall.gtmpl from source path
15:11,16:642 INFO    [ProcessingContext]: Resolved pkg=org.juzu.tutorial.templates relativeName=secretWall.gtmpl to /home/aabbasi/workspace/tutorial-juzcret/src/main/java/org/juzu/tutorial/templates/secretWall.gtmpl
15:11,16:665 INFO    [ProcessingContext]: Creating source file for name=org.juzu.tutorial.templates.editMode elements=[org.juzu.tutorial.JuZcretApplication]
15:11,16:670 INFO    [AbstractEmitter]: Generated template class Path[/org/juzu/tutorial/templates/editMode.gtmpl] as file:/home/aabbasi/workspace/tutorial-juzcret/target/generated-sources/annotations/org/juzu/tutorial/templates/editMode.java with originating elements [org.juzu.tutorial.JuZcretApplication]
15:11,16:675 INFO    [AbstractEmitter]: Generated template script /org/juzu/tutorial/templates/editMode_.groovy as file:/home/aabbasi/workspace/tutorial-juzcret/target/classes/org/juzu/tutorial/templates/editMode_.groovy with originating elements [org.juzu.tutorial.JuZcretApplication]
15:11,16:676 INFO    [ProcessingContext]: Creating source file for name=org.juzu.tutorial.templates.addSecret elements=[org.juzu.tutorial.JuZcretApplication]
15:11,16:677 INFO    [AbstractEmitter]: Generated template class Path[/org/juzu/tutorial/templates/addSecret.gtmpl] as file:/home/aabbasi/workspace/tutorial-juzcret/target/generated-sources/annotations/org/juzu/tutorial/templates/addSecret.java with originating elements [org.juzu.tutorial.JuZcretApplication]
15:11,16:678 INFO    [AbstractEmitter]: Generated template script /org/juzu/tutorial/templates/addSecret_.groovy as file:/home/aabbasi/workspace/tutorial-juzcret/target/classes/org/juzu/tutorial/templates/addSecret_.groovy with originating elements [org.juzu.tutorial.JuZcretApplication]
15:11,16:678 INFO    [ProcessingContext]: Creating source file for name=org.juzu.tutorial.templates.secretWall elements=[org.juzu.tutorial.JuZcretApplication]
15:11,16:679 INFO    [AbstractEmitter]: Generated template class Path[/org/juzu/tutorial/templates/secretWall.gtmpl] as file:/home/aabbasi/workspace/tutorial-juzcret/target/generated-sources/annotations/org/juzu/tutorial/templates/secretWall.java with originating elements [org.juzu.tutorial.JuZcretApplication]
15:11,16:681 INFO    [AbstractEmitter]: Generated template script /org/juzu/tutorial/templates/secretWall_.groovy as file:/home/aabbasi/workspace/tutorial-juzcret/target/classes/org/juzu/tutorial/templates/secretWall_.groovy with originating elements [org.juzu.tutorial.JuZcretApplication]
15:11,16:681 INFO    [MainProcessor]: Ending APT round #0
15:11,16:817 INFO    [MainProcessor]: Starting APT round #1
15:11,16:817 INFO    [MainProcessor]: Process annotations
15:11,16:819 INFO    [MainProcessor]: Post processing model
15:11,16:819 INFO    [MainProcessor]: Process events
15:11,16:819 INFO    [MainProcessor]: Post process events
15:11,16:819 INFO    [ProcessingContext]: Processing templates of ElementHandle.Package[name=org.juzu.tutorial]
15:11,16:819 INFO    [AbstractEmitter]: Template class Path[/org/juzu/tutorial/templates/editMode.gtmpl] was found in cache
15:11,16:820 INFO    [AbstractEmitter]: Template Path[/org/juzu/tutorial/templates/editMode.gtmpl] was found in cache
15:11,16:820 INFO    [AbstractEmitter]: Template class Path[/org/juzu/tutorial/templates/addSecret.gtmpl] was found in cache
15:11,16:820 INFO    [AbstractEmitter]: Template Path[/org/juzu/tutorial/templates/addSecret.gtmpl] was found in cache
15:11,16:821 INFO    [AbstractEmitter]: Template class Path[/org/juzu/tutorial/templates/secretWall.gtmpl] was found in cache
15:11,16:821 INFO    [AbstractEmitter]: Template Path[/org/juzu/tutorial/templates/secretWall.gtmpl] was found in cache
15:11,16:821 INFO    [MainProcessor]: Ending APT round #1
15:11,16:928 INFO    [MainProcessor]: APT processing over
15:11,16:928 INFO    [MainProcessor]: Passivating model
15:11,16:928 INFO    [ProcessingContext]: Emitting module config
15:11,16:930 INFO    [ProcessingContext]: Passivating template resolver for ElementHandle.Package[name=org.juzu.tutorial]
15:11,16:930 INFO    [AbstractEmitter]: Evicting cache [Path[/org/juzu/tutorial/templates/editMode.gtmpl], Path[/org/juzu/tutorial/templates/secretWall.gtmpl], Path[/org/juzu/tutorial/templates/addSecret.gtmpl]]
15:11,16:930 INFO    [AbstractEmitter]: Evicting cache []
15:11,16:931 INFO    [ProcessingContext]: Resolving classpath asset styles/juzcret.less
15:11,16:931 INFO    [ProcessingContext]: Found cached source path disk[/home/aabbasi/workspace/tutorial-juzcret/src/main/java] for package org.juzu.tutorial
15:11,16:931 INFO    [ProcessingContext]: Attempt to resolve pkg=org.juzu.tutorial.assets relativeName=styles/juzcret.less from source path
15:11,16:931 INFO    [ProcessingContext]: Resolved pkg=org.juzu.tutorial.assets relativeName=styles/juzcret.less to /home/aabbasi/workspace/tutorial-juzcret/src/main/java/org/juzu/tutorial/assets/styles/juzcret.less
15:11,16:932 INFO    [ProcessingContext]: Found asset styles/juzcret.less on source path file:/home/aabbasi/workspace/tutorial-juzcret/src/main/java/org/juzu/tutorial/assets/styles/juzcret.less
15:11,16:932 INFO    [ProcessingContext]: Resolving classpath asset javascripts/secret.js
15:11,16:932 INFO    [ProcessingContext]: Found cached source path disk[/home/aabbasi/workspace/tutorial-juzcret/src/main/java] for package org.juzu.tutorial
15:11,16:932 INFO    [ProcessingContext]: Attempt to resolve pkg=org.juzu.tutorial.assets relativeName=javascripts/secret.js from source path
15:11,16:933 INFO    [ProcessingContext]: Resolved pkg=org.juzu.tutorial.assets relativeName=javascripts/secret.js to /home/aabbasi/workspace/tutorial-juzcret/src/main/java/org/juzu/tutorial/assets/javascripts/secret.js
15:11,16:933 INFO    [ProcessingContext]: Found asset javascripts/secret.js on source path file:/home/aabbasi/workspace/tutorial-juzcret/src/main/java/org/juzu/tutorial/assets/javascripts/secret.js
15:11,16:933 FINER   [ProcessingContext]: Resolved resolved resource location=CLASS_OUTPUT pkg=org.juzu.tutorial.assets relativeName=jquery/1.10.2/jquery.js from filer
15:11,16:934 INFO    [ProcessingContext]: Copying asset from source path jar:file:/home/aabbasi/java/exo-dependencies/repository/org/webjars/jquery/1.10.2/jquery-1.10.2.jar!/META-INF/resources/webjars/jquery/1.10.2/jquery.js to class output file:/home/aabbasi/workspace/tutorial-juzcret/target/classes/org/juzu/tutorial/assets/jquery/1.10.2/jquery.js
15:11,17:495 FINER   [ProcessingContext]: Resolved resolved resource location=CLASS_OUTPUT pkg=org.juzu.tutorial.assets relativeName=jquery/1.10.2/jquery.min.js from filer
15:11,17:496 INFO    [ProcessingContext]: Copying asset from source path jar:file:/home/aabbasi/java/exo-dependencies/repository/org/webjars/jquery/1.10.2/jquery-1.10.2.jar!/META-INF/resources/webjars/jquery/1.10.2/jquery.min.js to class output file:/home/aabbasi/workspace/tutorial-juzcret/target/classes/org/juzu/tutorial/assets/jquery/1.10.2/jquery.min.js
15:11,17:677 FINER   [ProcessingContext]: Resolved resolved resource location=CLASS_OUTPUT pkg=org.juzu.tutorial.assets relativeName=jquery/1.10.2/jquery.min.map from filer
15:11,17:677 INFO    [ProcessingContext]: Copying asset from source path jar:file:/home/aabbasi/java/exo-dependencies/repository/org/webjars/jquery/1.10.2/jquery-1.10.2.jar!/META-INF/resources/webjars/jquery/1.10.2/jquery.min.map to class output file:/home/aabbasi/workspace/tutorial-juzcret/target/classes/org/juzu/tutorial/assets/jquery/1.10.2/jquery.min.map
15:11,17:945 FINER   [ProcessingContext]: Resolved resolved resource location=CLASS_OUTPUT pkg=org.juzu.tutorial.assets relativeName=styles/juzcret.css from filer
15:11,17:946 INFO    [ProcessingContext]: Copying asset from source path file:/home/aabbasi/workspace/tutorial-juzcret/src/main/java/org/juzu/tutorial/assets/styles/juzcret.less to class output file:/home/aabbasi/workspace/tutorial-juzcret/target/classes/org/juzu/tutorial/assets/styles/juzcret.css
15:11,18:707 FINER   [ProcessingContext]: Resolved resolved resource location=CLASS_OUTPUT pkg=org.juzu.tutorial.assets relativeName=javascripts/secret.js from filer
15:11,18:707 INFO    [ProcessingContext]: Copying asset from source path file:/home/aabbasi/workspace/tutorial-juzcret/src/main/java/org/juzu/tutorial/assets/javascripts/secret.js to class output file:/home/aabbasi/workspace/tutorial-juzcret/target/classes/org/juzu/tutorial/assets/javascripts/secret.js
15:11,18:714 INFO    [ProcessingContext]: Passivating templates
15:11,18:714 INFO    [ProcessingContext]: Emitting application ElementHandle.Package[name=org.juzu.tutorial] config
